<?xml version="1.0" encoding="UTF-8"?>
<testng-results skipped="0" failed="0" ignored="0" total="1" passed="1">
  <reporter-output>
  </reporter-output>
  <suite name="Default suite" duration-ms="27928" started-at="2019-03-08T05:54:15Z" finished-at="2019-03-08T05:54:43Z">
    <groups>
    </groups>
    <test name="Default test" duration-ms="27928" started-at="2019-03-08T05:54:15Z" finished-at="2019-03-08T05:54:43Z">
      <class name="SDET.SDET.Login">
        <test-method status="PASS" signature="openBrowser()[pri:0, instance:SDET.SDET.Login@1fa3a9d]" name="openBrowser" is-config="true" duration-ms="20268" started-at="2019-03-08T05:54:15Z" finished-at="2019-03-08T05:54:36Z">
          <reporter-output>
          </reporter-output>
        </test-method> <!-- openBrowser -->
        <test-method status="PASS" signature="login()[pri:0, instance:SDET.SDET.Login@1fa3a9d]" name="login" duration-ms="6025" started-at="2019-03-08T05:54:36Z" finished-at="2019-03-08T05:54:42Z">
          <reporter-output>
          </reporter-output>
        </test-method> <!-- login -->
        <test-method status="PASS" signature="tearDown()[pri:0, instance:SDET.SDET.Login@1fa3a9d]" name="tearDown" is-config="true" duration-ms="1590" started-at="2019-03-08T05:54:42Z" finished-at="2019-03-08T05:54:43Z">
          <reporter-output>
          </reporter-output>
        </test-method> <!-- tearDown -->
      </class> <!-- SDET.SDET.Login -->
    </test> <!-- Default test -->
  </suite> <!-- Default suite -->
</testng-results>
